<?xml version="1.0" encoding="UTF-8"?>
<!-- Generated by org.testng.reporters.JUnitReportReporter -->
<testsuite hostname="MercyMeloo" failures="0" tests="1" name="com.demo.testcase" time="5.293" errors="0" timestamp="2025-10-13T14:11:30 IST" skipped="0">
  <testcase classname="com.demo.testcase" name="launch" time="5.293"/>
  <system-out/>
</testsuite> <!-- com.demo.testcase -->
