<?xml version="1.0" encoding="UTF-8"?>
<!-- Generated by org.testng.reporters.JUnitReportReporter -->
<testsuite hostname="MercyMeloo" failures="0" tests="1" name="com.demo.testcase" time="4.437" errors="0" timestamp="2025-10-14T15:45:41 IST" skipped="0">
  <testcase classname="com.demo.testcase" name="launch" time="4.437"/>
  <system-out/>
</testsuite> <!-- com.demo.testcase -->
