<?xml version="1.0" encoding="UTF-8"?>
<!-- Generated by org.testng.reporters.JUnitReportReporter -->
<testsuite hostname="MercyMeloo" failures="0" tests="1" name="com.demo.testcase" time="8.880" errors="0" timestamp="2025-10-15T14:17:52 IST" skipped="0">
  <testcase classname="com.demo.testcase" name="launch" time="8.880"/>
  <system-out/>
</testsuite> <!-- com.demo.testcase -->
